<?xml version="1.0" encoding="UTF-8"?>
<!-- Generated by org.testng.reporters.JUnitReportReporter -->
<testsuite hostname="FX505DT-FX505DT" failures="0" tests="3" name="automation.testsuite.Day16_Practice_1" time="65.067" errors="0" timestamp="2025-08-30T14:07:49 GMT+07:00" skipped="0">
  <testcase classname="automation.testsuite.Day16_Practice_1" name="addWorkAreas" time="22.507"/>
  <testcase classname="automation.testsuite.Day16_Practice_1" name="deleteWorkAreas" time="30.820"/>
  <testcase classname="automation.testsuite.Day16_Practice_1" name="loginSucess" time="11.740"/>
</testsuite> <!-- automation.testsuite.Day16_Practice_1 -->
