<?xml version="1.0" encoding="UTF-8"?>
<!-- Generated by org.testng.reporters.JUnitReportReporter -->
<testsuite hostname="FX505DT-FX505DT" failures="0" tests="1" name="automation.testsuite.BTVN_Day8_1" time="7.737" errors="0" timestamp="2025-07-29T22:56:41 ICT" skipped="0">
  <testcase classname="automation.testsuite.BTVN_Day8_1" name="findPassword" time="7.737"/>
</testsuite> <!-- automation.testsuite.BTVN_Day8_1 -->
