<?xml version="1.0" encoding="UTF-8"?>
<!-- Generated by org.testng.reporters.JUnitReportReporter -->
<testsuite hostname="FX505DT-FX505DT" failures="0" tests="6" name="automation.testsuite.Day13_Practice" time="62.162" errors="0" timestamp="2025-08-17T20:06:38 ICT" skipped="0">
  <testcase classname="automation.testsuite.Day13_Practice" name="logout_success" time="16.382"/>
  <testcase classname="automation.testsuite.Day13_Practice" name="loginSuccess" time="8.452"/>
  <testcase classname="automation.testsuite.Day13_Practice" name="loginFail_IncorrectEmail" time="7.319"/>
  <testcase classname="automation.testsuite.Day13_Practice" name="loginFail_IncorrectPass" time="7.013"/>
  <testcase classname="automation.testsuite.Day13_Practice" name="loginFail_IncorrectEmailAndPass" time="7.137"/>
  <testcase classname="automation.testsuite.Day13_Practice" name="logout_cancel" time="15.859"/>
</testsuite> <!-- automation.testsuite.Day13_Practice -->
