<?xml version="1.0" encoding="UTF-8"?>
<!-- Generated by org.testng.reporters.JUnitReportReporter -->
<testsuite hostname="FX505DT-FX505DT" failures="0" tests="1" name="automation.testsuite.Day17_iFrame" time="6.306" errors="0" timestamp="2025-09-03T21:14:18 GMT+07:00" skipped="0">
  <testcase classname="automation.testsuite.Day17_iFrame" name="handleiFrame" time="6.306"/>
</testsuite> <!-- automation.testsuite.Day17_iFrame -->
