<?xml version="1.0" encoding="UTF-8"?>
<!-- Generated by org.testng.reporters.JUnitReportReporter -->
<testsuite hostname="FX505DT-FX505DT" failures="0" tests="1" name="automation.testsuite.Day8_Practice" time="5.426" errors="0" timestamp="2025-07-27T23:14:15 ICT" skipped="0">
  <testcase classname="automation.testsuite.Day8_Practice" name="getElementById" time="5.426"/>
</testsuite> <!-- automation.testsuite.Day8_Practice -->
