<?xml version="1.0" encoding="UTF-8"?>
<!-- Generated by org.testng.reporters.JUnitReportReporter -->
<testsuite hostname="FX505DT-FX505DT" failures="0" tests="1" name="automation.testsuite.Day14_Practice" time="7.412" errors="0" timestamp="2025-08-20T19:48:24 ICT" skipped="0">
  <testcase classname="automation.testsuite.Day14_Practice" name="checkRegister" time="7.412"/>
</testsuite> <!-- automation.testsuite.Day14_Practice -->
