<?xml version="1.0" encoding="UTF-8"?>
<!-- Generated by org.testng.reporters.JUnitReportReporter -->
<testsuite hostname="FX505DT-FX505DT" failures="0" tests="1" name="automation.testsuite.Alada_LoginTest" time="10.610" errors="0" timestamp="2025-09-07T21:23:06 GMT+07:00" skipped="0">
  <testcase classname="automation.testsuite.Alada_LoginTest" name="logoutSuccessfully" time="10.610"/>
</testsuite> <!-- automation.testsuite.Alada_LoginTest -->
