<?xml version="1.0" encoding="UTF-8"?>
<!-- Generated by org.testng.reporters.JUnitReportReporter -->
<testsuite hostname="FX505DT-FX505DT" failures="0" tests="1" name="automation.testsuite.BTVN_Day8_2" time="28.695" errors="0" timestamp="2025-07-28T20:56:20 ICT" skipped="0">
  <testcase classname="automation.testsuite.BTVN_Day8_2" name="findFouthElement_Pass" time="28.695"/>
</testsuite> <!-- automation.testsuite.BTVN_Day8_2 -->
