<?xml version="1.0" encoding="UTF-8"?>
<!-- Generated by org.testng.reporters.JUnitReportReporter -->
<testsuite hostname="FX505DT-FX505DT" failures="0" tests="1" name="automation.testsuite.BTVN_Day7" time="18.451" errors="0" timestamp="2025-07-20T21:54:04 ICT" skipped="0">
  <testcase classname="automation.testsuite.BTVN_Day7" name="NhanVien" time="18.451"/>
</testsuite> <!-- automation.testsuite.BTVN_Day7 -->
