<?xml version="1.0" encoding="UTF-8"?>
<!-- Generated by org.testng.reporters.JUnitReportReporter -->
<testsuite hostname="FX505DT-FX505DT" failures="0" tests="1" name="automation.testsuite.BTVN_Day8_1" time="3.719" errors="0" timestamp="2025-07-29T21:54:21 ICT" skipped="0">
  <testcase classname="automation.testsuite.BTVN_Day8_1" name="findUserEmail" time="3.719"/>
</testsuite> <!-- automation.testsuite.BTVN_Day8_1 -->
