<?xml version="1.0" encoding="UTF-8"?>
<!-- Generated by org.testng.reporters.JUnitReportReporter -->
<testsuite hostname="FX505DT-FX505DT" failures="0" tests="3" name="automation.testsuite.Day17_iFrame" time="21.504" errors="0" timestamp="2025-09-07T20:53:05 GMT+07:00" skipped="0">
  <testcase classname="automation.testsuite.Day17_iFrame" name="handleIframe" time="5.764"/>
  <testcase classname="automation.testsuite.Day17_iFrame" name="handleIframe" time="5.253"/>
  <testcase classname="automation.testsuite.Day17_iFrame" name="handleIframe" time="10.487"/>
</testsuite> <!-- automation.testsuite.Day17_iFrame -->
