<?xml version="1.0" encoding="UTF-8"?>
<!-- Generated by org.testng.reporters.JUnitReportReporter -->
<testsuite hostname="FX505DT-FX505DT" failures="0" tests="1" name="automation.testsuite.LoginTest" time="6.118" errors="0" timestamp="2025-08-17T22:22:31 ICT" skipped="0">
  <testcase classname="automation.testsuite.LoginTest" name="loginSuccessfully" time="6.118"/>
</testsuite> <!-- automation.testsuite.LoginTest -->
