<?xml version="1.0" encoding="UTF-8"?>
<!-- Generated by org.testng.reporters.JUnitReportReporter -->
<testsuite hostname="FX505DT-FX505DT" failures="0" tests="1" name="automation.testsuite.Day17_Practice_1" time="9.940" errors="0" timestamp="2025-09-06T01:06:23 GMT+07:00" skipped="0">
  <testcase classname="automation.testsuite.Day17_Practice_1" name="testZaloIframe" time="9.940"/>
</testsuite> <!-- automation.testsuite.Day17_Practice_1 -->
