<?xml version="1.0" encoding="UTF-8"?>
<!-- Generated by org.testng.reporters.JUnitReportReporter -->
<testsuite hostname="FX505DT-FX505DT" failures="0" tests="3" name="automation.testsuite.Day12_RadioButton" time="22.598" errors="0" timestamp="2025-08-10T20:19:04 ICT" skipped="0">
  <testcase classname="automation.testsuite.Day12_RadioButton" name="chooseFemale" time="6.363"/>
  <testcase classname="automation.testsuite.Day12_RadioButton" name="chooseMale" time="8.502"/>
  <testcase classname="automation.testsuite.Day12_RadioButton" name="chooseOther" time="7.733"/>
</testsuite> <!-- automation.testsuite.Day12_RadioButton -->
