<?xml version="1.0" encoding="UTF-8"?>
<!-- Generated by org.testng.reporters.JUnitReportReporter -->
<testsuite hostname="FX505DT-FX505DT" failures="0" tests="1" name="automation.testsuite.Day16_Practice_3" time="4.553" errors="0" timestamp="2025-08-30T14:01:24 GMT+07:00" skipped="0">
  <testcase classname="automation.testsuite.Day16_Practice_3" name="deleteCustomer" time="4.553"/>
</testsuite> <!-- automation.testsuite.Day16_Practice_3 -->
