<?xml version="1.0" encoding="UTF-8"?>
<!-- Generated by org.testng.reporters.JUnitReportReporter -->
<testsuite hostname="FX505DT-FX505DT" failures="0" tests="4" name="automation.testsuite.BTVN_Day8_2" time="8.423" errors="0" timestamp="2025-08-17T20:06:38 ICT" skipped="0">
  <testcase classname="automation.testsuite.BTVN_Day8_2" name="findSecondElement_Address" time="2.084"/>
  <testcase classname="automation.testsuite.BTVN_Day8_2" name="findFirstElement_Name" time="2.162"/>
  <testcase classname="automation.testsuite.BTVN_Day8_2" name="findFouthElement_Pass" time="2.080"/>
  <testcase classname="automation.testsuite.BTVN_Day8_2" name="findThirdElement_Email" time="2.097"/>
</testsuite> <!-- automation.testsuite.BTVN_Day8_2 -->
