<?xml version="1.0" encoding="UTF-8"?>
<!-- Generated by org.testng.reporters.JUnitReportReporter -->
<testsuite hostname="FX505DT-FX505DT" failures="0" tests="4" name="automation.testsuite.Day12_Practice" time="15.883" errors="0" timestamp="2025-08-17T20:06:38 ICT" skipped="0">
  <testcase classname="automation.testsuite.Day12_Practice" name="chooseDisableRadio" time="2.230"/>
  <testcase classname="automation.testsuite.Day12_Practice" name="chooseOver18" time="2.409"/>
  <testcase classname="automation.testsuite.Day12_Practice" name="dropdownListSelectCountry" time="9.035"/>
  <testcase classname="automation.testsuite.Day12_Practice" name="chooseUnder18" time="2.209"/>
</testsuite> <!-- automation.testsuite.Day12_Practice -->
