<?xml version="1.0" encoding="UTF-8"?>
<!-- Generated by org.testng.reporters.JUnitReportReporter -->
<testsuite hostname="FX505DT-FX505DT" failures="0" tests="4" name="automation.testsuite.Day12_Practice" time="19.282" errors="0" timestamp="2025-08-11T22:27:58 ICT" skipped="0">
  <testcase classname="automation.testsuite.Day12_Practice" name="chooseOver18" time="2.211"/>
  <testcase classname="automation.testsuite.Day12_Practice" name="dropdownListSelectCountry" time="11.323"/>
  <testcase classname="automation.testsuite.Day12_Practice" name="chooseDisableRadio" time="3.129"/>
  <testcase classname="automation.testsuite.Day12_Practice" name="chooseUnder18" time="2.619"/>
</testsuite> <!-- automation.testsuite.Day12_Practice -->
