<?xml version="1.0" encoding="UTF-8"?>
<!-- Generated by org.testng.reporters.JUnitReportReporter -->
<testsuite hostname="FX505DT-FX505DT" failures="0" tests="3" name="automation.testsuite.Day18_Practice_2" time="48.875" errors="0" timestamp="2025-09-08T21:04:46 GMT+07:00" skipped="0">
  <testcase classname="automation.testsuite.Day18_Practice_2" name="checkZaloChat" time="21.698"/>
  <testcase classname="automation.testsuite.Day18_Practice_2" name="checkZaloChat" time="14.481"/>
  <testcase classname="automation.testsuite.Day18_Practice_2" name="checkZaloChat" time="12.696"/>
</testsuite> <!-- automation.testsuite.Day18_Practice_2 -->
