<?xml version="1.0" encoding="UTF-8"?>
<!-- Generated by org.testng.reporters.JUnitReportReporter -->
<testsuite hostname="FX505DT-FX505DT" failures="0" tests="1" name="automation.testsuite.Day12_Practice" time="10.147" errors="0" timestamp="2025-08-11T20:40:10 ICT" skipped="0">
  <testcase classname="automation.testsuite.Day12_Practice" name="dropdownListSelectCountry" time="10.147"/>
</testsuite> <!-- automation.testsuite.Day12_Practice -->
