<?xml version="1.0" encoding="UTF-8"?>
<!-- Generated by org.testng.reporters.JUnitReportReporter -->
<testsuite hostname="FX505DT-FX505DT" failures="0" tests="1" name="automation.testsuite.Day15_Practice" time="13.981" errors="0" timestamp="2025-08-23T23:26:34 ICT" skipped="0">
  <testcase classname="automation.testsuite.Day15_Practice" name="search" time="13.981"/>
</testsuite> <!-- automation.testsuite.Day15_Practice -->
