<?xml version="1.0" encoding="UTF-8"?>
<!-- Generated by org.testng.reporters.JUnitReportReporter -->
<testsuite hostname="FX505DT-FX505DT" failures="0" tests="6" name="automation.testsuite.Day13_Practice" time="57.287" errors="0" timestamp="2025-08-15T12:04:36 ICT" skipped="0">
  <testcase classname="automation.testsuite.Day13_Practice" name="loginFunction_Successfull" time="6.779"/>
  <testcase classname="automation.testsuite.Day13_Practice" name="loginFail_IncorrectEmail" time="6.879"/>
  <testcase classname="automation.testsuite.Day13_Practice" name="loginFail_IncorrectEmailAndPass" time="6.808"/>
  <testcase classname="automation.testsuite.Day13_Practice" name="loginFail_IncorrectPass" time="6.730"/>
  <testcase classname="automation.testsuite.Day13_Practice" name="logout_success" time="14.584"/>
  <testcase classname="automation.testsuite.Day13_Practice" name="logout_cancel" time="15.507"/>
</testsuite> <!-- automation.testsuite.Day13_Practice -->
