<?xml version="1.0" encoding="UTF-8"?>
<!-- Generated by org.testng.reporters.JUnitReportReporter -->
<testsuite hostname="FX505DT-FX505DT" failures="0" tests="1" name="automation.testsuite.Day13_Practice" time="7.802" errors="0" timestamp="2025-08-16T10:48:54 ICT" skipped="0">
  <testcase classname="automation.testsuite.Day13_Practice" name="loginSuccess" time="7.802"/>
</testsuite> <!-- automation.testsuite.Day13_Practice -->
