<?xml version="1.0" encoding="UTF-8"?>
<!-- Generated by org.testng.reporters.JUnitReportReporter -->
<testsuite hostname="FX505DT-FX505DT" failures="0" tests="1" name="automation.testsuite.LoginTest" time="9.680" errors="0" timestamp="2025-08-13T21:28:26 ICT" skipped="0">
  <testcase classname="automation.testsuite.LoginTest" name="loginFailWithBlank" time="9.680"/>
</testsuite> <!-- automation.testsuite.LoginTest -->
