<?xml version="1.0" encoding="UTF-8"?>
<!-- Generated by org.testng.reporters.JUnitReportReporter -->
<testsuite hostname="FX505DT-FX505DT" failures="0" tests="1" name="automation.testsuite.BTVN_Day8_2" time="3.365" errors="0" timestamp="2025-07-30T18:54:29 ICT" skipped="0">
  <testcase classname="automation.testsuite.BTVN_Day8_2" name="findFouthElement_Pass" time="3.365"/>
</testsuite> <!-- automation.testsuite.BTVN_Day8_2 -->
