<?xml version="1.0" encoding="UTF-8"?>
<!-- Generated by org.testng.reporters.JUnitReportReporter -->
<testsuite hostname="FX505DT-FX505DT" failures="0" tests="1" name="automation.testsuite.Day17_PopupWindow" time="7.186" errors="0" timestamp="2025-09-03T20:01:03 GMT+07:00" skipped="0">
  <testcase classname="automation.testsuite.Day17_PopupWindow" name="handleWindowPopup" time="7.186"/>
</testsuite> <!-- automation.testsuite.Day17_PopupWindow -->
