<?xml version="1.0" encoding="UTF-8"?>
<!-- Generated by org.testng.reporters.JUnitReportReporter -->
<testsuite hostname="FX505DT-FX505DT" failures="0" tests="3" name="automation.testsuite.Day14_Practice" time="22.240" errors="0" timestamp="2025-08-18T22:34:11 ICT" skipped="0">
  <testcase classname="automation.testsuite.Day14_Practice" name="checkRegister" time="7.964"/>
  <testcase classname="automation.testsuite.Day14_Practice" name="loginSuccess" time="5.057"/>
  <testcase classname="automation.testsuite.Day14_Practice" name="changePass" time="9.219"/>
</testsuite> <!-- automation.testsuite.Day14_Practice -->
