<?xml version="1.0" encoding="UTF-8"?>
<!-- Generated by org.testng.reporters.JUnitReportReporter -->
<testsuite hostname="FX505DT-FX505DT" failures="0" tests="1" name="automation.testsuite.Day12_HandleCheckBox" time="7.483" errors="0" timestamp="2025-08-17T20:06:38 ICT" skipped="0">
  <testcase classname="automation.testsuite.Day12_HandleCheckBox" name="chooseHobbies" time="7.483"/>
</testsuite> <!-- automation.testsuite.Day12_HandleCheckBox -->
