<?xml version="1.0" encoding="UTF-8"?>
<!-- Generated by org.testng.reporters.JUnitReportReporter -->
<testsuite hostname="FX505DT-FX505DT" failures="0" tests="1" name="automation.testsuite.BTVN_Day8_1" time="6.762" errors="0" timestamp="2025-07-27T23:29:14 ICT" skipped="0">
  <testcase classname="automation.testsuite.BTVN_Day8_1" name="findMobileNumber" time="6.762"/>
</testsuite> <!-- automation.testsuite.BTVN_Day8_1 -->
