<?xml version="1.0" encoding="UTF-8"?>
<!-- Generated by org.testng.reporters.JUnitReportReporter -->
<testsuite hostname="FX505DT-FX505DT" failures="0" tests="1" name="automation.testsuite.Day16_AlertPracticeTrue" time="4.383" errors="0" timestamp="2025-08-27T21:23:06 GMT+07:00" skipped="0">
  <testcase classname="automation.testsuite.Day16_AlertPracticeTrue" name="deleteCustomer" time="4.383"/>
</testsuite> <!-- automation.testsuite.Day16_AlertPracticeTrue -->
