<?xml version="1.0" encoding="UTF-8"?>
<!-- Generated by org.testng.reporters.JUnitReportReporter -->
<testsuite hostname="FX505DT-FX505DT" failures="0" tests="1" name="automation.testsuite.Day13_Practice" time="8.216" errors="0" timestamp="2025-08-15T14:59:01 ICT" skipped="0">
  <testcase classname="automation.testsuite.Day13_Practice" name="loginSuccess" time="8.216"/>
</testsuite> <!-- automation.testsuite.Day13_Practice -->
