<?xml version="1.0" encoding="UTF-8"?>
<!-- Generated by org.testng.reporters.JUnitReportReporter -->
<testsuite hostname="FX505DT-FX505DT" failures="0" tests="1" name="automation.testsuite.Day16_Practice_1" time="65.960" errors="0" timestamp="2025-09-03T20:13:36 GMT+07:00" skipped="0">
  <testcase classname="automation.testsuite.Day16_Practice_1" name="deleteWorkAreas" time="65.960"/>
</testsuite> <!-- automation.testsuite.Day16_Practice_1 -->
