<?xml version="1.0" encoding="UTF-8"?>
<!-- Generated by org.testng.reporters.JUnitReportReporter -->
<testsuite hostname="FX505DT-FX505DT" failures="0" tests="4" name="automation.testsuite.Day8_Practice" time="19.887" errors="0" timestamp="2025-08-17T20:06:38 ICT" skipped="0">
  <testcase classname="automation.testsuite.Day8_Practice" name="getElementByLinkText" time="8.080"/>
  <testcase classname="automation.testsuite.Day8_Practice" name="getElementByName" time="3.638"/>
  <testcase classname="automation.testsuite.Day8_Practice" name="getElementByPartialLinkText" time="4.524"/>
  <testcase classname="automation.testsuite.Day8_Practice" name="getElementById" time="3.645"/>
</testsuite> <!-- automation.testsuite.Day8_Practice -->
