<?xml version="1.0" encoding="UTF-8"?>
<!-- Generated by org.testng.reporters.JUnitReportReporter -->
<testsuite hostname="FX505DT-FX505DT" failures="0" tests="3" name="automation.testsuite.Day12_RadioButton" time="20.359" errors="0" timestamp="2025-08-17T20:06:38 ICT" skipped="0">
  <testcase classname="automation.testsuite.Day12_RadioButton" name="chooseFemale" time="6.761"/>
  <testcase classname="automation.testsuite.Day12_RadioButton" name="chooseMale" time="6.640"/>
  <testcase classname="automation.testsuite.Day12_RadioButton" name="chooseOther" time="6.958"/>
</testsuite> <!-- automation.testsuite.Day12_RadioButton -->
