<?xml version="1.0" encoding="UTF-8"?>
<!-- Generated by org.testng.reporters.JUnitReportReporter -->
<testsuite hostname="FX505DT-FX505DT" failures="0" tests="3" name="automation.testsuite.Day18_Practice_1" time="50.610" errors="0" timestamp="2025-09-08T21:04:46 GMT+07:00" skipped="0">
  <testcase classname="automation.testsuite.Day18_Practice_1" name="testZaloIcon" time="16.161"/>
  <testcase classname="automation.testsuite.Day18_Practice_1" name="testZaloIcon" time="15.382"/>
  <testcase classname="automation.testsuite.Day18_Practice_1" name="testZaloIcon" time="19.067"/>
</testsuite> <!-- automation.testsuite.Day18_Practice_1 -->
