<?xml version="1.0" encoding="UTF-8"?>
<!-- Generated by org.testng.reporters.JUnitReportReporter -->
<testsuite hostname="FX505DT-FX505DT" failures="0" tests="4" name="automation.testsuite.BTVN_Day8_1" time="20.509" errors="0" timestamp="2025-08-17T20:06:38 ICT" skipped="0">
  <testcase classname="automation.testsuite.BTVN_Day8_1" name="findMobileNumber" time="4.853"/>
  <testcase classname="automation.testsuite.BTVN_Day8_1" name="findPassword" time="5.029"/>
  <testcase classname="automation.testsuite.BTVN_Day8_1" name="findUserEmail" time="4.660"/>
  <testcase classname="automation.testsuite.BTVN_Day8_1" name="findCompany" time="5.967"/>
</testsuite> <!-- automation.testsuite.BTVN_Day8_1 -->
