<?xml version="1.0" encoding="UTF-8"?>
<!-- Generated by org.testng.reporters.JUnitReportReporter -->
<testsuite hostname="FX505DT-FX505DT" failures="0" tests="1" name="automation.testsuite.Day16_AlertPractice" time="5.472" errors="0" timestamp="2025-08-27T21:09:14 GMT+07:00" skipped="0">
  <testcase classname="automation.testsuite.Day16_AlertPractice" name="hanldeAlertWithTextBox" time="5.472"/>
</testsuite> <!-- automation.testsuite.Day16_AlertPractice -->
