<?xml version="1.0" encoding="UTF-8"?>
<!-- Generated by org.testng.reporters.JUnitReportReporter -->
<testsuite hostname="FX505DT-FX505DT" failures="0" tests="1" name="automation.testsuite.TEDU_UpdatePass_Test" time="11.357" errors="0" timestamp="2025-08-20T21:14:59 ICT" skipped="0">
  <testcase classname="automation.testsuite.TEDU_UpdatePass_Test" name="updatePassSuccess" time="11.357"/>
</testsuite> <!-- automation.testsuite.TEDU_UpdatePass_Test -->
