<?xml version="1.0" encoding="UTF-8"?>
<!-- Generated by org.testng.reporters.JUnitReportReporter -->
<testsuite hostname="FX505DT-FX505DT" failures="0" tests="1" name="automation.testsuite.Day12_HandleDropdownList" time="4.200" errors="0" timestamp="2025-08-10T20:57:33 ICT" skipped="0">
  <testcase classname="automation.testsuite.Day12_HandleDropdownList" name="handleDropdownList" time="4.200"/>
</testsuite> <!-- automation.testsuite.Day12_HandleDropdownList -->
