<?xml version="1.0" encoding="UTF-8"?>
<!-- Generated by org.testng.reporters.JUnitReportReporter -->
<testsuite hostname="FX505DT-FX505DT" failures="0" tests="6" name="automation.testsuite.Day13_Practice" time="59.791" errors="0" timestamp="2025-08-15T15:25:49 ICT" skipped="0">
  <testcase classname="automation.testsuite.Day13_Practice" name="loginFail_IncorrectPass" time="7.181"/>
  <testcase classname="automation.testsuite.Day13_Practice" name="logout_cancel" time="14.690"/>
  <testcase classname="automation.testsuite.Day13_Practice" name="logout_success" time="15.134"/>
  <testcase classname="automation.testsuite.Day13_Practice" name="loginFail_IncorrectEmailAndPass" time="8.937"/>
  <testcase classname="automation.testsuite.Day13_Practice" name="loginFail_IncorrectEmail" time="6.813"/>
  <testcase classname="automation.testsuite.Day13_Practice" name="loginSuccess" time="7.036"/>
</testsuite> <!-- automation.testsuite.Day13_Practice -->
