<?xml version="1.0" encoding="UTF-8"?>
<!-- Generated by org.testng.reporters.JUnitReportReporter -->
<testsuite hostname="FX505DT-FX505DT" failures="0" tests="1" name="automation.testsuite.Alada_LoginTest" time="6.651" errors="0" timestamp="2025-08-17T21:54:37 ICT" skipped="0">
  <testcase classname="automation.testsuite.Alada_LoginTest" name="logoutSuccessfully" time="6.651"/>
</testsuite> <!-- automation.testsuite.Alada_LoginTest -->
